<?xml version="1.0" encoding="UTF-8"?>
<!-- Generated by org.testng.reporters.JUnitReportReporter -->
<testsuite skipped="0" hostname="sramakro" name="com.training.sanity.tests.Add_Courses" tests="1" failures="0" timestamp="27 Dec 2018 04:36:45 GMT" time="31.261" errors="0">
  <testcase name="validCourseTest" time="31.261" classname="com.training.sanity.tests.Add_Courses"/>
</testsuite> <!-- com.training.sanity.tests.Add_Courses -->
