<?xml version="1.0" encoding="UTF-8"?>
<!-- Generated by org.testng.reporters.JUnitReportReporter -->
<testsuite skipped="0" hostname="sramakro" name="com.training.regression.tests.TC89Test" tests="1" failures="0" timestamp="10 Jan 2019 09:25:41 GMT" time="6.619" errors="0">
  <testcase name="SignUpTests" time="6.619" classname="com.training.regression.tests.TC89Test"/>
</testsuite> <!-- com.training.regression.tests.TC89Test -->
