<?xml version="1.0" encoding="UTF-8"?>
<!-- Generated by org.testng.reporters.JUnitReportReporter -->
<testsuite skipped="0" hostname="sramakro" name="com.training.secondset.tests.TestCase56" tests="1" failures="0" timestamp="27 Dec 2018 06:15:11 GMT" time="40.436" errors="0">
  <testcase name="validLoginTest" time="40.436" classname="com.training.secondset.tests.TestCase56"/>
</testsuite> <!-- com.training.secondset.tests.TestCase56 -->
