<?xml version="1.0" encoding="UTF-8"?>
<!-- Generated by org.testng.reporters.JUnitReportReporter -->
<testsuite skipped="0" hostname="sramakro" name="com.training.regression.tests.TC87Test" tests="1" failures="0" timestamp="10 Jan 2019 09:23:27 GMT" time="9.597" errors="0">
  <testcase name="SignUpTests" time="9.597" classname="com.training.regression.tests.TC87Test"/>
</testsuite> <!-- com.training.regression.tests.TC87Test -->
