<?xml version="1.0" encoding="UTF-8"?>
<!-- Generated by org.testng.reporters.JUnitReportReporter -->
<testsuite skipped="0" hostname="sramakro" name="com.training.sanity.tests.Delete_Item" tests="1" failures="0" timestamp="21 Dec 2018 11:20:17 GMT" time="21.290" errors="0">
  <testcase name="validDeleteTest" time="21.290" classname="com.training.sanity.tests.Delete_Item"/>
</testsuite> <!-- com.training.sanity.tests.Delete_Item -->
