<?xml version="1.0" encoding="UTF-8"?>
<!-- Generated by org.testng.reporters.JUnitReportReporter -->
<testsuite skipped="0" hostname="sramakro" name="com.training.regression.tests.TC88Test" tests="1" failures="0" timestamp="10 Jan 2019 09:24:31 GMT" time="15.092" errors="0">
  <testcase name="SignUpTests" time="15.092" classname="com.training.regression.tests.TC88Test"/>
</testsuite> <!-- com.training.regression.tests.TC88Test -->
