<?xml version="1.0" encoding="UTF-8"?>
<!-- Generated by org.testng.reporters.JUnitReportReporter -->
<testsuite skipped="0" hostname="sramakro" name="com.training.sanity.tests.Rashmita" tests="1" failures="0" timestamp="04 Jan 2019 10:08:29 GMT" time="21.988" errors="0">
  <testcase name="validLoginTest" time="21.988" classname="com.training.sanity.tests.Rashmita"/>
</testsuite> <!-- com.training.sanity.tests.Rashmita -->
