<?xml version="1.0" encoding="UTF-8"?>
<!-- Generated by org.testng.reporters.JUnitReportReporter -->
<testsuite skipped="0" hostname="sramakro" name="com.training.regression.tests.Retail" tests="1" failures="0" timestamp="27 Dec 2018 12:03:21 GMT" time="30.914" errors="0">
  <testcase name="validLoginTest" time="30.914" classname="com.training.regression.tests.Retail"/>
</testsuite> <!-- com.training.regression.tests.Retail -->
