<?xml version="1.0" encoding="UTF-8"?>
<!-- Generated by org.testng.reporters.JUnitReportReporter -->
<testsuite skipped="0" hostname="sramakro" name="com.training.regression.tests.TC86Test" tests="1" failures="0" timestamp="10 Jan 2019 14:25:28 GMT" time="89.029" errors="0">
  <testcase name="Validtests" time="89.029" classname="com.training.regression.tests.TC86Test"/>
</testsuite> <!-- com.training.regression.tests.TC86Test -->
