<?xml version="1.0" encoding="UTF-8"?>
<!-- Generated by org.testng.reporters.JUnitReportReporter -->
<testsuite skipped="0" hostname="sramakro" name="com.training.sanity.tests.Add_Classes" tests="1" failures="0" timestamp="21 Dec 2018 11:20:17 GMT" time="35.855" errors="0">
  <testcase name="validAdminTest" time="35.855" classname="com.training.sanity.tests.Add_Classes"/>
</testsuite> <!-- com.training.sanity.tests.Add_Classes -->
