<?xml version="1.0" encoding="UTF-8"?>
<!-- Generated by org.testng.reporters.JUnitReportReporter -->
<testsuite skipped="0" hostname="sramakro" name="com.training.regression.tests.TC90Test" tests="1" failures="0" timestamp="10 Jan 2019 14:20:37 GMT" time="66.417" errors="0">
  <testcase name="Validtests" time="66.417" classname="com.training.regression.tests.TC90Test"/>
</testsuite> <!-- com.training.regression.tests.TC90Test -->
