<?xml version="1.0" encoding="UTF-8"?>
<!-- Generated by org.testng.reporters.JUnitReportReporter -->
<testsuite skipped="0" hostname="sramakro" name="com.training.sanity.tests.Add_Suscribers" tests="1" failures="0" timestamp="21 Dec 2018 05:02:34 GMT" time="39.073" errors="0">
  <testcase name="validSuscribeTest" time="39.073" classname="com.training.sanity.tests.Add_Suscribers"/>
</testsuite> <!-- com.training.sanity.tests.Add_Suscribers -->
