<?xml version="1.0" encoding="UTF-8"?>
<!-- Generated by org.testng.reporters.JUnitReportReporter -->
<testsuite skipped="1" hostname="sramakro" name="com.training.regression.tests.TC87" tests="1" failures="0" timestamp="07 Jan 2019 11:32:05 GMT" time="0.000" errors="0">
  <testcase name="SignUpTests" time="0.000" classname="com.training.regression.tests.TC87">
    <skipped/>
  </testcase> <!-- SignUpTests -->
</testsuite> <!-- com.training.regression.tests.TC87 -->
