<?xml version="1.0" encoding="UTF-8"?>
<!-- Generated by org.testng.reporters.JUnitReportReporter -->
<testsuite skipped="0" hostname="sramakro" name="com.training.secondset.tests.TestCase57" tests="1" failures="0" timestamp="27 Dec 2018 06:15:11 GMT" time="47.841" errors="0">
  <testcase name="validLoginTest" time="47.841" classname="com.training.secondset.tests.TestCase57"/>
</testsuite> <!-- com.training.secondset.tests.TestCase57 -->
